<?xml version="1.0" encoding="UTF-8"?>
<!-- Generated by org.testng.reporters.JUnitReportReporter -->
<testsuite hostname="administrator" name="com.BridgeTree.TestNG.Users" tests="3" failures="0" timestamp="3 Apr 2017 04:37:21 GMT" time="19.845" errors="0">
  <testcase name="UserAssignPriv" time="7.231" classname="com.BridgeTree.TestNG.Users"/>
  <testcase name="User" time="1.637" classname="com.BridgeTree.TestNG.Users"/>
  <testcase name="UserAdd" time="10.977" classname="com.BridgeTree.TestNG.Users"/>
</testsuite> <!-- com.BridgeTree.TestNG.Users -->
