<?xml version="1.0" encoding="UTF-8"?>
<!-- Generated by org.testng.reporters.JUnitReportReporter -->
<testsuite hostname="administrator" name="com.BridgeTree.TestNG.Calendar" tests="5" failures="0" timestamp="5 Apr 2017 07:03:07 GMT" time="11.460" errors="0">
  <testcase name="LookupCalSelect" time="5.734" classname="com.BridgeTree.TestNG.Calendar"/>
  <testcase name="HomeNavi" time="1.275" classname="com.BridgeTree.TestNG.Calendar"/>
  <testcase name="CalendarAdminNavi" time="1.348" classname="com.BridgeTree.TestNG.Calendar"/>
  <testcase name="CalendarNavi" time="1.575" classname="com.BridgeTree.TestNG.Calendar"/>
  <testcase name="LookupNavi" time="1.528" classname="com.BridgeTree.TestNG.Calendar"/>
</testsuite> <!-- com.BridgeTree.TestNG.Calendar -->
