<?xml version="1.0" encoding="UTF-8"?>
<!-- Generated by org.testng.reporters.JUnitReportReporter -->
<testsuite hostname="administrator" name="com.BridgeTree.TestNG.Checklist" tests="4" failures="0" timestamp="4 Apr 2017 12:33:45 GMT" time="149.669" errors="0">
  <testcase name="HomeNavi" time="1.289" classname="com.BridgeTree.TestNG.Checklist"/>
  <testcase name="ChecklistAddNavi" time="1.105" classname="com.BridgeTree.TestNG.Checklist"/>
  <testcase name="ChecklistNavi" time="1.530" classname="com.BridgeTree.TestNG.Checklist"/>
  <testcase name="ChecklistAdd" time="145.745" classname="com.BridgeTree.TestNG.Checklist"/>
</testsuite> <!-- com.BridgeTree.TestNG.Checklist -->
