<?xml version="1.0" encoding="UTF-8"?>
<!-- Generated by org.testng.reporters.JUnitReportReporter -->
<testsuite hostname="administrator" name="com.BridgeTree.TestNG.Login" tests="1" failures="0" timestamp="5 Apr 2017 07:03:07 GMT" time="3.307" errors="0">
  <testcase name="login" time="3.307" classname="com.BridgeTree.TestNG.Login"/>
</testsuite> <!-- com.BridgeTree.TestNG.Login -->
