<?xml version="1.0" encoding="UTF-8"?>
<!-- Generated by org.testng.reporters.JUnitReportReporter -->
<testsuite hostname="administrator" name="com.BridgeTree.TestNG.Caregiver" tests="3" failures="0" timestamp="5 Apr 2017 07:03:07 GMT" time="4.019" errors="0">
  <testcase name="CaregiverNavi" time="1.491" classname="com.BridgeTree.TestNG.Caregiver"/>
  <testcase name="CaregiverAddNavi" time="1.288" classname="com.BridgeTree.TestNG.Caregiver"/>
  <testcase name="ManageNavi" time="1.240" classname="com.BridgeTree.TestNG.Caregiver"/>
</testsuite> <!-- com.BridgeTree.TestNG.Caregiver -->
