<?xml version="1.0" encoding="UTF-8"?>
<!-- Generated by org.testng.reporters.JUnitReportReporter -->
<testsuite hostname="administrator" name="com.BridgeTree.TestNG.ClientDevice" tests="5" failures="0" timestamp="3 Apr 2017 07:01:42 GMT" time="9.337" errors="0">
  <testcase name="AddDevice" time="3.380" classname="com.BridgeTree.TestNG.ClientDevice"/>
  <testcase name="ManageDeviceNavi" time="1.965" classname="com.BridgeTree.TestNG.ClientDevice"/>
  <testcase name="AttachDevice" time="1.137" classname="com.BridgeTree.TestNG.ClientDevice"/>
  <testcase name="ManageNavi" time="1.261" classname="com.BridgeTree.TestNG.ClientDevice"/>
  <testcase name="ClientDeviceNavi" time="1.594" classname="com.BridgeTree.TestNG.ClientDevice"/>
</testsuite> <!-- com.BridgeTree.TestNG.ClientDevice -->
