<?xml version="1.0" encoding="UTF-8"?>
<!-- Generated by org.testng.reporters.JUnitReportReporter -->
<testsuite hostname="administrator" name="com.BridgeTree.TestNG.Global.AppUrl" tests="1" failures="0" timestamp="5 Apr 2017 07:03:07 GMT" time="0.014" errors="0">
  <testcase name="f" time="0.014" classname="com.BridgeTree.TestNG.Global.AppUrl"/>
</testsuite> <!-- com.BridgeTree.TestNG.Global.AppUrl -->
